2014/04/14 20:15:43 [error] [exception.CHttpException.404] exception 'CHttpException' with message 'Unable to resolve the request "login".' in /var/framework/web/CWebApplication.php:286
Stack trace:
#0 /var/framework/web/CWebApplication.php(141): CWebApplication->runController('login')
#1 /var/framework/base/CApplication.php(180): CWebApplication->processRequest()
#2 /var/www/pvg/index.php(13): CApplication->run()
#3 {main}
REQUEST_URI=/pvg/index.php/login
---
2014/04/14 20:15:56 [error] [exception.CHttpException.404] exception 'CHttpException' with message 'Unable to resolve the request "contact".' in /var/framework/web/CWebApplication.php:286
Stack trace:
#0 /var/framework/web/CWebApplication.php(141): CWebApplication->runController('contact')
#1 /var/framework/base/CApplication.php(180): CWebApplication->processRequest()
#2 /var/www/pvg/index.php(13): CApplication->run()
#3 {main}
REQUEST_URI=/pvg/index.php/contact
---
2014/04/14 20:16:23 [error] [exception.CHttpException.404] exception 'CHttpException' with message 'Unable to resolve the request "contact".' in /var/framework/web/CWebApplication.php:286
Stack trace:
#0 /var/framework/web/CWebApplication.php(141): CWebApplication->runController('contact')
#1 /var/framework/base/CApplication.php(180): CWebApplication->processRequest()
#2 /var/www/pvg/index.php(13): CApplication->run()
#3 {main}
REQUEST_URI=/pvg/index.php/contact
---
2014/04/14 20:18:27 [error] [exception.CException] exception 'CException' with message 'Alias "xupload.actions.XUploadAction" is invalid. Make sure it points to an existing PHP file and the file is readable.' in /var/framework/YiiBase.php:322
Stack trace:
#0 /var/framework/YiiBase.php(196): YiiBase::import('xupload.actions...', true)
#1 /var/framework/web/CController.php(440): YiiBase::createComponent(Array, Object(SiteController), 'upload')
#2 /var/framework/web/CController.php(417): CController->createActionFromMap(Array, 'upload', 'upload')
#3 /var/framework/web/CController.php(259): CController->createAction('upload')
#4 /var/framework/web/CWebApplication.php(282): CController->run('upload')
#5 /var/framework/web/CWebApplication.php(141): CWebApplication->runController('site/upload')
#6 /var/framework/base/CApplication.php(180): CWebApplication->processRequest()
#7 /var/www/pvg/index.php(13): CApplication->run()
#8 {main}
REQUEST_URI=/pvg/index.php/site/upload
---
2014/04/14 20:21:10 [error] [exception.CException] exception 'CException' with message 'Alias "xupload.actions.XUploadAction" is invalid. Make sure it points to an existing PHP file and the file is readable.' in /var/framework/YiiBase.php:322
Stack trace:
#0 /var/framework/YiiBase.php(196): YiiBase::import('xupload.actions...', true)
#1 /var/framework/web/CController.php(440): YiiBase::createComponent(Array, Object(SiteController), 'upload')
#2 /var/framework/web/CController.php(417): CController->createActionFromMap(Array, 'upload', 'upload')
#3 /var/framework/web/CController.php(259): CController->createAction('upload')
#4 /var/framework/web/CWebApplication.php(282): CController->run('upload')
#5 /var/framework/web/CWebApplication.php(141): CWebApplication->runController('site/upload')
#6 /var/framework/base/CApplication.php(180): CWebApplication->processRequest()
#7 /var/www/pvg/index.php(13): CApplication->run()
#8 {main}
REQUEST_URI=/pvg/index.php/site/upload
---
2014/04/14 20:32:10 [error] [exception.CException] exception 'CException' with message 'Alias "xupload.actions.XUploadAction" is invalid. Make sure it points to an existing PHP file and the file is readable.' in /var/framework/YiiBase.php:322
Stack trace:
#0 /var/framework/YiiBase.php(196): YiiBase::import('xupload.actions...', true)
#1 /var/framework/web/CController.php(440): YiiBase::createComponent(Array, Object(SiteController), 'upload')
#2 /var/framework/web/CController.php(417): CController->createActionFromMap(Array, 'upload', 'upload')
#3 /var/framework/web/CController.php(259): CController->createAction('upload')
#4 /var/framework/web/CWebApplication.php(282): CController->run('upload')
#5 /var/framework/web/CWebApplication.php(141): CWebApplication->runController('site/upload')
#6 /var/framework/base/CApplication.php(180): CWebApplication->processRequest()
#7 /var/www/pvg/index.php(13): CApplication->run()
#8 {main}
REQUEST_URI=/pvg/index.php/site/upload
---
2014/04/14 20:33:37 [error] [php] chmod(): Operation not permitted (/var/www/pvg/protected/extensions/xupload-0.5.1/actions/XUploadAction.php:165)
Stack trace:
#0 /var/www/pvg/protected/extensions/xupload-0.5.1/actions/XUploadAction.php(191): XUploadAction->handleUploading()
#1 /var/framework/web/actions/CAction.php(76): XUploadAction->run()
#2 /var/framework/web/CController.php(308): XUploadAction->runWithParams()
#3 /var/framework/web/CController.php(286): SiteController->runAction()
#4 /var/framework/web/CController.php(265): SiteController->runActionWithFilters()
#5 /var/framework/web/CWebApplication.php(282): SiteController->run()
#6 /var/framework/web/CWebApplication.php(141): CWebApplication->runController()
#7 /var/framework/base/CApplication.php(180): CWebApplication->processRequest()
#8 /var/www/pvg/index.php(13): CWebApplication->run()
REQUEST_URI=/pvg/index.php/site/upload
in /var/www/pvg/protected/extensions/xupload-0.5.1/actions/XUploadAction.php (165)
in /var/www/pvg/protected/extensions/xupload-0.5.1/actions/XUploadAction.php (237)
in /var/www/pvg/protected/extensions/xupload-0.5.1/actions/XUploadAction.php (191)
2014/04/14 20:54:20 [error] [php] chmod(): Operation not permitted (/var/www/pvg/protected/extensions/xupload-0.5.1/actions/XUploadAction.php:165)
Stack trace:
#0 /var/www/pvg/protected/extensions/xupload-0.5.1/actions/XUploadAction.php(191): XUploadAction->handleUploading()
#1 /var/framework/web/actions/CAction.php(76): XUploadAction->run()
#2 /var/framework/web/CController.php(308): XUploadAction->runWithParams()
#3 /var/framework/web/CController.php(286): SiteController->runAction()
#4 /var/framework/web/CController.php(265): SiteController->runActionWithFilters()
#5 /var/framework/web/CWebApplication.php(282): SiteController->run()
#6 /var/framework/web/CWebApplication.php(141): CWebApplication->runController()
#7 /var/framework/base/CApplication.php(180): CWebApplication->processRequest()
#8 /var/www/pvg/index.php(13): CWebApplication->run()
REQUEST_URI=/pvg/index.php/site/upload
in /var/www/pvg/protected/extensions/xupload-0.5.1/actions/XUploadAction.php (165)
in /var/www/pvg/protected/extensions/xupload-0.5.1/actions/XUploadAction.php (237)
in /var/www/pvg/protected/extensions/xupload-0.5.1/actions/XUploadAction.php (191)
2014/04/14 20:55:36 [error] [exception.CHttpException.500] exception 'CHttpException' with message 'Could not upload file' in /var/www/pvg/protected/extensions/xupload-0.5.1/actions/XUploadAction.php:281
Stack trace:
#0 /var/www/pvg/protected/extensions/xupload-0.5.1/actions/XUploadAction.php(191): XUploadAction->handleUploading()
#1 /var/framework/web/actions/CAction.php(76): XUploadAction->run()
#2 /var/framework/web/CController.php(308): CAction->runWithParams(Array)
#3 /var/framework/web/CController.php(286): CController->runAction(Object(XUploadAction))
#4 /var/framework/web/CController.php(265): CController->runActionWithFilters(Object(XUploadAction), Array)
#5 /var/framework/web/CWebApplication.php(282): CController->run('upload')
#6 /var/framework/web/CWebApplication.php(141): CWebApplication->runController('site/upload')
#7 /var/framework/base/CApplication.php(180): CWebApplication->processRequest()
#8 /var/www/pvg/index.php(13): CApplication->run()
#9 {main}
REQUEST_URI=/pvg/index.php/site/upload
---
2014/04/15 11:53:13 [error] [exception.CDbException] exception 'CDbException' with message 'CDbConnection failed to open the DB connection: SQLSTATE[28000] [1045] Access denied for user 'root'@'localhost' (using password: NO)' in /var/framework/db/CDbConnection.php:382
Stack trace:
#0 /var/framework/db/CDbConnection.php(330): CDbConnection->open()
#1 /var/framework/db/CDbConnection.php(308): CDbConnection->setActive(true)
#2 /var/framework/base/CModule.php(387): CDbConnection->init()
#3 /var/framework/base/CModule.php(103): CModule->getComponent('db')
#4 /var/framework/gii/generators/model/ModelCode.php(60): CModule->__get('db')
#5 /var/framework/web/CFormModel.php(39): ModelCode->init()
#6 /var/framework/gii/CCodeGenerator.php(153): CFormModel->__construct()
#7 /var/framework/gii/CCodeGenerator.php(63): CCodeGenerator->prepare()
#8 /var/framework/web/actions/CInlineAction.php(49): CCodeGenerator->actionIndex()
#9 /var/framework/web/CController.php(308): CInlineAction->runWithParams(Array)
#10 /var/framework/web/CController.php(286): CController->runAction(Object(CInlineAction))
#11 /var/framework/web/CController.php(265): CController->runActionWithFilters(Object(CInlineAction), Array)
#12 /var/framework/web/CWebApplication.php(282): CController->run('index')
#13 /var/framework/web/CWebApplication.php(141): CWebApplication->runController('gii/model/index')
#14 /var/framework/base/CApplication.php(180): CWebApplication->processRequest()
#15 /var/www/pvg/index.php(13): CApplication->run()
#16 {main}
REQUEST_URI=/pvg/index.php/gii/model/index
HTTP_REFERER=http://localhost/pvg/index.php/gii/default/index
---
2014/04/15 18:46:35 [error] [exception.CException] exception 'CException' with message 'UploadController cannot find the requested view "form".' in /var/framework/web/CController.php:878
Stack trace:
#0 /var/framework/web/CController.php(782): CController->renderPartial('form', Array, true)
#1 /var/www/pvg/protected/controllers/UploadController.php(17): CController->render('form', Array)
#2 /var/framework/web/actions/CInlineAction.php(49): UploadController->actionForm()
#3 /var/framework/web/CController.php(308): CInlineAction->runWithParams(Array)
#4 /var/framework/web/CController.php(286): CController->runAction(Object(CInlineAction))
#5 /var/framework/web/CController.php(265): CController->runActionWithFilters(Object(CInlineAction), Array)
#6 /var/framework/web/CWebApplication.php(282): CController->run('form')
#7 /var/framework/web/CWebApplication.php(141): CWebApplication->runController('upload/form')
#8 /var/framework/base/CApplication.php(180): CWebApplication->processRequest()
#9 /var/www/pvg/index.php(13): CApplication->run()
#10 {main}
REQUEST_URI=/pvg/index.php/upload/form
---
2014/04/15 18:48:08 [error] [exception.CException] exception 'CException' with message 'UploadController cannot find the requested view "/protected/views/form".' in /var/framework/web/CController.php:878
Stack trace:
#0 /var/framework/web/CController.php(782): CController->renderPartial('/protected/view...', Array, true)
#1 /var/www/pvg/protected/controllers/UploadController.php(17): CController->render('/protected/view...', Array)
#2 /var/framework/web/actions/CInlineAction.php(49): UploadController->actionForm()
#3 /var/framework/web/CController.php(308): CInlineAction->runWithParams(Array)
#4 /var/framework/web/CController.php(286): CController->runAction(Object(CInlineAction))
#5 /var/framework/web/CController.php(265): CController->runActionWithFilters(Object(CInlineAction), Array)
#6 /var/framework/web/CWebApplication.php(282): CController->run('form')
#7 /var/framework/web/CWebApplication.php(141): CWebApplication->runController('upload/form')
#8 /var/framework/base/CApplication.php(180): CWebApplication->processRequest()
#9 /var/www/pvg/index.php(13): CApplication->run()
#10 {main}
REQUEST_URI=/pvg/index.php/upload/form
---
2014/04/15 18:52:02 [error] [exception.CException] exception 'CException' with message 'XUpload cannot find the view "application.views.somemodel._form".' in /var/framework/web/widgets/CWidget.php:246
Stack trace:
#0 /var/www/pvg/protected/extensions/xupload-0.5.1/XUpload.php(132): CWidget->render('application.vie...', Array)
#1 /var/framework/web/CBaseController.php(173): XUpload->run()
#2 /var/www/pvg/protected/views/upload/form.php(59): CBaseController->widget('xupload.XUpload', Array)
#3 /var/framework/web/CBaseController.php(126): require('/var/www/pvg/pr...')
#4 /var/framework/web/CBaseController.php(95): CBaseController->renderInternal('/var/www/pvg/pr...', Array, true)
#5 /var/framework/web/CController.php(869): CBaseController->renderFile('/var/www/pvg/pr...', Array, true)
#6 /var/framework/web/CController.php(782): CController->renderPartial('form', Array, true)
#7 /var/www/pvg/protected/controllers/UploadController.php(17): CController->render('form', Array)
#8 /var/framework/web/actions/CInlineAction.php(49): UploadController->actionForm()
#9 /var/framework/web/CController.php(308): CInlineAction->runWithParams(Array)
#10 /var/framework/web/CController.php(286): CController->runAction(Object(CInlineAction))
#11 /var/framework/web/CController.php(265): CController->runActionWithFilters(Object(CInlineAction), Array)
#12 /var/framework/web/CWebApplication.php(282): CController->run('form')
#13 /var/framework/web/CWebApplication.php(141): CWebApplication->runController('upload/form')
#14 /var/framework/base/CApplication.php(180): CWebApplication->processRequest()
#15 /var/www/pvg/index.php(13): CApplication->run()
#16 {main}
REQUEST_URI=/pvg/index.php/upload/form
---
2014/04/15 18:59:45 [error] [exception.CHttpException.404] exception 'CHttpException' with message 'Unable to resolve the request "u/upload".' in /var/framework/web/CWebApplication.php:286
Stack trace:
#0 /var/framework/web/CWebApplication.php(141): CWebApplication->runController('u/upload')
#1 /var/framework/base/CApplication.php(180): CWebApplication->processRequest()
#2 /var/www/pvg/index.php(13): CApplication->run()
#3 {main}
REQUEST_URI=/pvg/index.php/u/upload
HTTP_REFERER=http://localhost/pvg/index.php/upload/form
---
2014/04/15 19:00:23 [error] [exception.CHttpException.404] exception 'CHttpException' with message 'Unable to resolve the request "u/upload".' in /var/framework/web/CWebApplication.php:286
Stack trace:
#0 /var/framework/web/CWebApplication.php(141): CWebApplication->runController('u/upload')
#1 /var/framework/base/CApplication.php(180): CWebApplication->processRequest()
#2 /var/www/pvg/index.php(13): CApplication->run()
#3 {main}
REQUEST_URI=/pvg/index.php/u/upload
HTTP_REFERER=http://localhost/pvg/index.php/upload/form
---
2014/04/15 19:01:26 [error] [exception.CHttpException.404] exception 'CHttpException' with message 'Unable to resolve the request "u/upload".' in /var/framework/web/CWebApplication.php:286
Stack trace:
#0 /var/framework/web/CWebApplication.php(141): CWebApplication->runController('u/upload')
#1 /var/framework/base/CApplication.php(180): CWebApplication->processRequest()
#2 /var/www/pvg/index.php(13): CApplication->run()
#3 {main}
REQUEST_URI=/pvg/index.php/u/upload
HTTP_REFERER=http://localhost/pvg/index.php/upload/form
---
2014/04/15 19:35:42 [error] [exception.CHttpException.404] exception 'CHttpException' with message 'Unable to resolve the request "u/upload".' in /var/framework/web/CWebApplication.php:286
Stack trace:
#0 /var/framework/web/CWebApplication.php(141): CWebApplication->runController('u/upload')
#1 /var/framework/base/CApplication.php(180): CWebApplication->processRequest()
#2 /var/www/pvg/index.php(13): CApplication->run()
#3 {main}
REQUEST_URI=/pvg/index.php/u/upload
HTTP_REFERER=http://localhost/pvg/index.php/upload/form
---
2014/04/15 19:35:42 [error] [exception.CHttpException.404] exception 'CHttpException' with message 'Unable to resolve the request "u/upload".' in /var/framework/web/CWebApplication.php:286
Stack trace:
#0 /var/framework/web/CWebApplication.php(141): CWebApplication->runController('u/upload')
#1 /var/framework/base/CApplication.php(180): CWebApplication->processRequest()
#2 /var/www/pvg/index.php(13): CApplication->run()
#3 {main}
REQUEST_URI=/pvg/index.php/u/upload
HTTP_REFERER=http://localhost/pvg/index.php/upload/form
---
2014/04/15 19:36:35 [error] [exception.CHttpException.404] exception 'CHttpException' with message 'Unable to resolve the request "u/upload".' in /var/framework/web/CWebApplication.php:286
Stack trace:
#0 /var/framework/web/CWebApplication.php(141): CWebApplication->runController('u/upload')
#1 /var/framework/base/CApplication.php(180): CWebApplication->processRequest()
#2 /var/www/pvg/index.php(13): CApplication->run()
#3 {main}
REQUEST_URI=/pvg/index.php/u/upload
HTTP_REFERER=http://localhost/pvg/index.php/upload/form
---
2014/04/15 19:47:37 [error] [exception.CHttpException.404] exception 'CHttpException' with message 'Unable to resolve the request "login".' in /var/framework/web/CWebApplication.php:286
Stack trace:
#0 /var/framework/web/CWebApplication.php(141): CWebApplication->runController('login')
#1 /var/framework/base/CApplication.php(180): CWebApplication->processRequest()
#2 /var/www/pvg/index.php(13): CApplication->run()
#3 {main}
REQUEST_URI=/pvg/index.php/login?isDebugURL=1&debug_host=127.0.0.1%2C192.168.1.46&debug_fastfile=1&start_debug=1&debug_port=10137&no_remote=1&original_url=http%3A%2F%2Flocalhost%2Fpvg%2Findex.php%2Flogin&send_sess_end=1&debug_stop=1&debug_start_session=1&debug_no_cache=1397609257722&debug_session_id=1003
---
2014/04/15 19:55:26 [error] [exception.CHttpException.404] exception 'CHttpException' with message 'Unable to resolve the request "u/upload".' in /var/framework/web/CWebApplication.php:286
Stack trace:
#0 /var/framework/web/CWebApplication.php(141): CWebApplication->runController('u/upload')
#1 /var/framework/base/CApplication.php(180): CWebApplication->processRequest()
#2 /var/www/pvg/index.php(13): CApplication->run()
#3 {main}
REQUEST_URI=/pvg/index.php/u/upload
HTTP_REFERER=http://localhost/pvg/index.php/upload/form?isDebugURL=1&debug_host=127.0.0.1%2C192.168.1.46&debug_fastfile=1&start_debug=1&debug_port=10137&no_remote=1&original_url=http%3A%2F%2Flocalhost%2Fpvg%2Findex.php%2Fupload%2Fform&send_sess_end=1&debug_stop=1&debug_start_session=1&debug_no_cache=1397609713755&debug_session_id=1006
---
2014/04/15 20:08:50 [error] [exception.CHttpException.404] exception 'CHttpException' with message 'Unable to resolve the request "u/upload".' in /var/framework/web/CWebApplication.php:286
Stack trace:
#0 /var/framework/web/CWebApplication.php(141): CWebApplication->runController('u/upload')
#1 /var/framework/base/CApplication.php(180): CWebApplication->processRequest()
#2 /var/www/pvg/index.php(13): CApplication->run()
#3 {main}
REQUEST_URI=/pvg/index.php/u/upload
HTTP_REFERER=http://localhost/pvg/index.php/upload/form
---
2014/04/16 13:41:48 [warning] [application] Failed to set unsafe attribute "created" of "Upload".
in /var/www/pvg/protected/controllers/UploadController.php (72)
in /var/www/pvg/index.php (13)
2014/04/16 13:41:48 [warning] [application] Failed to set unsafe attribute "updated" of "Upload".
in /var/www/pvg/protected/controllers/UploadController.php (72)
in /var/www/pvg/index.php (13)
2014/04/19 09:04:49 [error] [exception.CHttpException.404] exception 'CHttpException' with message 'The system is unable to find the requested action "form".' in /var/framework/web/CController.php:483
Stack trace:
#0 /var/framework/web/CController.php(270): CController->missingAction('form')
#1 /var/framework/web/CWebApplication.php(282): CController->run('form')
#2 /var/framework/web/CWebApplication.php(141): CWebApplication->runController('upload/form')
#3 /var/framework/base/CApplication.php(180): CWebApplication->processRequest()
#4 /var/www/pvg/index.php(13): CApplication->run()
#5 {main}
REQUEST_URI=/pvg/index.php/upload/form
---
2014/04/19 09:11:46 [error] [exception.CException] exception 'CException' with message 'UploadController has an extra endWidget() call in its view.' in /var/framework/web/CBaseController.php:210
Stack trace:
#0 /var/www/pvg/protected/views/upload/create.php(30): CBaseController->endWidget()
#1 /var/framework/web/CBaseController.php(126): require('/var/www/pvg/pr...')
#2 /var/framework/web/CBaseController.php(95): CBaseController->renderInternal('/var/www/pvg/pr...', Array, true)
#3 /var/framework/web/CController.php(869): CBaseController->renderFile('/var/www/pvg/pr...', Array, true)
#4 /var/framework/web/CController.php(782): CController->renderPartial('create', Array, true)
#5 /var/www/pvg/protected/controllers/UploadController.php(100): CController->render('create', Array)
#6 /var/framework/web/actions/CInlineAction.php(49): UploadController->actionCreate()
#7 /var/framework/web/CController.php(308): CInlineAction->runWithParams(Array)
#8 /var/framework/web/filters/CFilterChain.php(133): CController->runAction(Object(CInlineAction))
#9 /var/framework/web/filters/CFilter.php(40): CFilterChain->run()
#10 /var/framework/web/CController.php(1145): CFilter->filter(Object(CFilterChain))
#11 /var/framework/web/filters/CInlineFilter.php(58): CController->filterAccessControl(Object(CFilterChain))
#12 /var/framework/web/filters/CFilterChain.php(130): CInlineFilter->filter(Object(CFilterChain))
#13 /var/framework/web/CController.php(291): CFilterChain->run()
#14 /var/framework/web/CController.php(265): CController->runActionWithFilters(Object(CInlineAction), Array)
#15 /var/framework/web/CWebApplication.php(282): CController->run('create')
#16 /var/framework/web/CWebApplication.php(141): CWebApplication->runController('upload/create')
#17 /var/framework/base/CApplication.php(180): CWebApplication->processRequest()
#18 /var/www/pvg/index.php(13): CApplication->run()
#19 {main}
REQUEST_URI=/pvg/index.php/upload/create
HTTP_REFERER=http://localhost/pvg/index.php/site/login
---
2014/04/19 16:56:53 [warning] [application] Failed to set unsafe attribute "created" of "Upload".
in /var/www/pvg/protected/controllers/UploadController.php (72)
in /var/www/pvg/index.php (13)
2014/04/19 16:56:53 [warning] [application] Failed to set unsafe attribute "updated" of "Upload".
in /var/www/pvg/protected/controllers/UploadController.php (72)
in /var/www/pvg/index.php (13)
2014/04/19 16:56:53 [warning] [application] Failed to set unsafe attribute "location" of "Upload".
in /var/www/pvg/protected/controllers/UploadController.php (72)
in /var/www/pvg/index.php (13)
2014/04/19 17:05:20 [warning] [application] Failed to set unsafe attribute "created" of "Upload".
in /var/www/pvg/protected/controllers/UploadController.php (72)
in /var/www/pvg/index.php (13)
2014/04/19 17:05:20 [warning] [application] Failed to set unsafe attribute "updated" of "Upload".
in /var/www/pvg/protected/controllers/UploadController.php (72)
in /var/www/pvg/index.php (13)
2014/04/19 17:05:20 [warning] [application] Failed to set unsafe attribute "location" of "Upload".
in /var/www/pvg/protected/controllers/UploadController.php (72)
in /var/www/pvg/index.php (13)
2014/04/20 09:25:55 [warning] [application] Failed to set unsafe attribute "created" of "Upload".
in /var/www/pvg/protected/controllers/UploadController.php (120)
in /var/www/pvg/index.php (13)
2014/04/20 09:25:55 [warning] [application] Failed to set unsafe attribute "updated" of "Upload".
in /var/www/pvg/protected/controllers/UploadController.php (120)
in /var/www/pvg/index.php (13)
2014/04/20 09:28:00 [warning] [application] Failed to set unsafe attribute "created" of "Upload".
in /var/www/pvg/protected/controllers/UploadController.php (120)
in /var/www/pvg/index.php (13)
2014/04/20 09:28:00 [warning] [application] Failed to set unsafe attribute "updated" of "Upload".
in /var/www/pvg/protected/controllers/UploadController.php (120)
in /var/www/pvg/index.php (13)
2014/04/20 18:54:35 [error] [php] Undefined variable: images (/var/www/pvg/protected/controllers/UploadController.php:73)
Stack trace:
#0 /var/framework/web/filters/CFilterChain.php(133): UploadController->runAction()
#1 /var/framework/web/filters/CFilter.php(40): CFilterChain->run()
#2 /var/framework/web/CController.php(1145): CAccessControlFilter->filter()
#3 /var/framework/web/filters/CInlineFilter.php(58): UploadController->filterAccessControl()
#4 /var/framework/web/filters/CFilterChain.php(130): CInlineFilter->filter()
#5 /var/framework/web/CController.php(291): CFilterChain->run()
#6 /var/framework/web/CController.php(265): UploadController->runActionWithFilters()
#7 /var/framework/web/CWebApplication.php(282): UploadController->run()
#8 /var/framework/web/CWebApplication.php(141): CWebApplication->runController()
#9 /var/framework/base/CApplication.php(180): CWebApplication->processRequest()
#10 /var/www/pvg/index.php(13): CWebApplication->run()
REQUEST_URI=/pvg/index.php/upload/create
in /var/www/pvg/protected/controllers/UploadController.php (73)
in /var/www/pvg/index.php (13)
2014/04/20 18:59:43 [error] [php] Missing argument 1 for CApplication::createUrl(), called in /var/www/pvg/protected/controllers/UploadController.php on line 81 and defined (/var/framework/base/CApplication.php:541)
Stack trace:
#0 /var/framework/web/CController.php(308): CInlineAction->runWithParams()
#1 /var/framework/web/filters/CFilterChain.php(133): UploadController->runAction()
#2 /var/framework/web/filters/CFilter.php(40): CFilterChain->run()
#3 /var/framework/web/CController.php(1145): CAccessControlFilter->filter()
#4 /var/framework/web/filters/CInlineFilter.php(58): UploadController->filterAccessControl()
#5 /var/framework/web/filters/CFilterChain.php(130): CInlineFilter->filter()
#6 /var/framework/web/CController.php(291): CFilterChain->run()
#7 /var/framework/web/CController.php(265): UploadController->runActionWithFilters()
#8 /var/framework/web/CWebApplication.php(282): UploadController->run()
#9 /var/framework/web/CWebApplication.php(141): CWebApplication->runController()
#10 /var/framework/base/CApplication.php(180): CWebApplication->processRequest()
#11 /var/www/pvg/index.php(13): CWebApplication->run()
REQUEST_URI=/pvg/index.php/upload/create
in /var/www/pvg/protected/controllers/UploadController.php (81)
in /var/www/pvg/index.php (13)
2014/04/20 19:01:33 [error] [php] move_uploaded_file(/pvg/index.php/images/uploads/1priceIOLs.csv): failed to open stream: No such file or directory (/var/framework/web/CUploadedFile.php:198)
Stack trace:
#0 /var/framework/web/actions/CInlineAction.php(49): UploadController->actionCreate()
#1 /var/framework/web/CController.php(308): CInlineAction->runWithParams()
#2 /var/framework/web/filters/CFilterChain.php(133): UploadController->runAction()
#3 /var/framework/web/filters/CFilter.php(40): CFilterChain->run()
#4 /var/framework/web/CController.php(1145): CAccessControlFilter->filter()
#5 /var/framework/web/filters/CInlineFilter.php(58): UploadController->filterAccessControl()
#6 /var/framework/web/filters/CFilterChain.php(130): CInlineFilter->filter()
#7 /var/framework/web/CController.php(291): CFilterChain->run()
#8 /var/framework/web/CController.php(265): UploadController->runActionWithFilters()
#9 /var/framework/web/CWebApplication.php(282): UploadController->run()
#10 /var/framework/web/CWebApplication.php(141): CWebApplication->runController()
#11 /var/framework/base/CApplication.php(180): CWebApplication->processRequest()
#12 /var/www/pvg/index.php(13): CWebApplication->run()
REQUEST_URI=/pvg/index.php/upload/create
in /var/www/pvg/protected/controllers/UploadController.php (82)
in /var/www/pvg/index.php (13)
2014/04/20 19:22:43 [error] [php] Undefined variable: image (/var/www/pvg/protected/controllers/UploadController.php:78)
Stack trace:
#0 /var/framework/web/filters/CFilterChain.php(133): UploadController->runAction()
#1 /var/framework/web/filters/CFilter.php(40): CFilterChain->run()
#2 /var/framework/web/CController.php(1145): CAccessControlFilter->filter()
#3 /var/framework/web/filters/CInlineFilter.php(58): UploadController->filterAccessControl()
#4 /var/framework/web/filters/CFilterChain.php(130): CInlineFilter->filter()
#5 /var/framework/web/CController.php(291): CFilterChain->run()
#6 /var/framework/web/CController.php(265): UploadController->runActionWithFilters()
#7 /var/framework/web/CWebApplication.php(282): UploadController->run()
#8 /var/framework/web/CWebApplication.php(141): CWebApplication->runController()
#9 /var/framework/base/CApplication.php(180): CWebApplication->processRequest()
#10 /var/www/pvg/index.php(13): CWebApplication->run()
REQUEST_URI=/pvg/index.php/upload/create
in /var/www/pvg/protected/controllers/UploadController.php (78)
in /var/www/pvg/index.php (13)
2014/04/20 19:23:09 [error] [php] Undefined variable: image (/var/www/pvg/protected/controllers/UploadController.php:78)
Stack trace:
#0 /var/framework/web/filters/CFilterChain.php(133): UploadController->runAction()
#1 /var/framework/web/filters/CFilter.php(40): CFilterChain->run()
#2 /var/framework/web/CController.php(1145): CAccessControlFilter->filter()
#3 /var/framework/web/filters/CInlineFilter.php(58): UploadController->filterAccessControl()
#4 /var/framework/web/filters/CFilterChain.php(130): CInlineFilter->filter()
#5 /var/framework/web/CController.php(291): CFilterChain->run()
#6 /var/framework/web/CController.php(265): UploadController->runActionWithFilters()
#7 /var/framework/web/CWebApplication.php(282): UploadController->run()
#8 /var/framework/web/CWebApplication.php(141): CWebApplication->runController()
#9 /var/framework/base/CApplication.php(180): CWebApplication->processRequest()
#10 /var/www/pvg/index.php(13): CWebApplication->run()
REQUEST_URI=/pvg/index.php/upload/create
in /var/www/pvg/protected/controllers/UploadController.php (78)
in /var/www/pvg/index.php (13)
